
Showing logs for build [32mcb-kubecd-environment-pr-215-1-8g2mb-1[0m stage [32mfrom-build-pack[0m and container [32mstep-credential-initializer-g7l7j[0m
{"level":"info","ts":1588823776.8133297,"logger":"fallback-logger","caller":"logging/config.go:69","msg":"Fetch GitHub commit ID from kodata failed: open /var/run/ko/refs/heads/0.8.0-ns-support: no such file or directory"}
{"level":"info","ts":1588823776.8139157,"logger":"fallback-logger","caller":"creds-init/main.go:40","msg":"Credentials initialized."}

Showing logs for build [32mcb-kubecd-environment-pr-215-1-8g2mb-1[0m stage [32mfrom-build-pack[0m and container [32mstep-working-dir-initializer-w5k25[0m
{"level":"info","ts":1588823777.8862355,"logger":"fallback-logger","caller":"logging/config.go:69","msg":"Fetch GitHub commit ID from kodata failed: open /var/run/ko/HEAD: no such file or directory"}
{"level":"info","ts":1588823777.8878396,"logger":"fallback-logger","caller":"bash/main.go:64","msg":"Successfully executed command \"sh -c mkdir -p /workspace/source\"; output "}

Showing logs for build [32mcb-kubecd-environment-pr-215-1-8g2mb-1[0m stage [32mfrom-build-pack[0m and container [32mstep-place-tools[0m

Showing logs for build [32mcb-kubecd-environment-pr-215-1-8g2mb-1[0m stage [32mfrom-build-pack[0m and container [32mstep-git-source-cb-kubecd-environment-pr-215-1-8g2mb-b7k89[0m
{"level":"info","ts":1588823783.2156665,"logger":"fallback-logger","caller":"logging/config.go:69","msg":"Fetch GitHub commit ID from kodata failed: open /var/run/ko/refs/heads/0.8.0-ns-support: no such file or directory"}
{"level":"info","ts":1588823784.2803376,"logger":"fallback-logger","caller":"git/git.go:103","msg":"Successfully cloned https://github.com/cb-kubecd/environment-pr-215-1-boot-gke-staging.git @ master in path /workspace/source"}

Showing logs for build [32mcb-kubecd-environment-pr-215-1-8g2mb-1[0m stage [32mfrom-build-pack[0m and container [32mstep-git-merge[0m
Using SHAs from PULL_REFS=master:2be66dc042114c069b3c591bbe9fa1265ef01838,8:a9fe0ddd4b1dbeb66fa7cd7aa7a5b6543aec2e27
DEBUG: LC_ALL=C JX_LOG_LEVEL=error git fetch origin --unshallow a9fe0ddd4b1dbeb66fa7cd7aa7a5b6543aec2e27: 2be66dc042114c069b3c591bbe9fa1265ef01838:
DEBUG: ran git fetch --unshallow origin a9fe0ddd4b1dbeb66fa7cd7aa7a5b6543aec2e27: 2be66dc042114c069b3c591bbe9fa1265ef01838: in 
DEBUG: LC_ALL=C JX_LOG_LEVEL=error git branch
DEBUG: LC_ALL=C JX_LOG_LEVEL=error git checkout master
DEBUG: ran git checkout master in 
DEBUG: LC_ALL=C JX_LOG_LEVEL=error git reset --hard 2be66dc042114c069b3c591bbe9fa1265ef01838
DEBUG: ran git reset --hard 2be66dc042114c069b3c591bbe9fa1265ef01838 in 
DEBUG: JX_LOG_LEVEL=error LC_ALL=C git clean -fd .
DEBUG: ran clean --force -d . in 
DEBUG: LC_ALL=C JX_LOG_LEVEL=error git merge a9fe0ddd4b1dbeb66fa7cd7aa7a5b6543aec2e27
DEBUG: ran git merge a9fe0ddd4b1dbeb66fa7cd7aa7a5b6543aec2e27 in 
DEBUG: LC_ALL=C JX_LOG_LEVEL=error git log --format=%H%x1f%an%x1f%ae%x1f%cn%x1f%ce%x1f%s%n%b%x1e 2be66dc042114c069b3c591bbe9fa1265ef01838..HEAD
Merged SHA a9fe0ddd4b1dbeb66fa7cd7aa7a5b6543aec2e27 with commit message 'chore: Promote bdd-sbrp-import-1588821777 to version 0.0.1' into base branch master

Showing logs for build [32mcb-kubecd-environment-pr-215-1-8g2mb-1[0m stage [32mfrom-build-pack[0m and container [32mstep-build-helm-build[0m
WARNING: No $CHART_REPOSITORY defined so using the default value of: http://jenkins-x-chartmuseum:8080
Adding missing Helm repo: storage.googleapis.com https://storage.googleapis.com/chartmuseum.jenkins-x.io
WARNING: No secrets found on "helm/repos" due: reading the secret "helm/repos" from vault: no secret "helm/repos" not found in vault
Read credentials for https://storage.googleapis.com/chartmuseum.jenkins-x.io from vault helm/repos
Successfully added Helm repository storage.googleapis.com.
Adding missing Helm repo: jenkins-x-chartmuseum http://jenkins-x-chartmuseum:8080
WARNING: No secrets found on "helm/repos" due: reading the secret "helm/repos" from vault: no secret "helm/repos" not found in vault
Read credentials for http://jenkins-x-chartmuseum:8080 from vault helm/repos
Successfully added Helm repository jenkins-x-chartmuseum.
WARNING: No $CHART_REPOSITORY defined so using the default value of: http://jenkins-x-chartmuseum:8080
Adding missing Helm repo: chartmuseum.jenkins-x.io http://chartmuseum.jenkins-x.io
WARNING: No secrets found on "helm/repos" due: reading the secret "helm/repos" from vault: no secret "helm/repos" not found in vault
Read credentials for http://chartmuseum.jenkins-x.io from vault helm/repos
Successfully added Helm repository chartmuseum.jenkins-x.io.
