
Showing logs for build [32mcb-kubecd-environment-pr-215-1-pqpvr-1[0m stage [32mfrom-build-pack[0m and container [32mstep-credential-initializer-tb2hw[0m
{"level":"info","ts":1588821139.8100882,"logger":"fallback-logger","caller":"logging/config.go:69","msg":"Fetch GitHub commit ID from kodata failed: open /var/run/ko/refs/heads/0.8.0-ns-support: no such file or directory"}
{"level":"info","ts":1588821139.8109875,"logger":"fallback-logger","caller":"creds-init/main.go:40","msg":"Credentials initialized."}

Showing logs for build [32mcb-kubecd-environment-pr-215-1-pqpvr-1[0m stage [32mfrom-build-pack[0m and container [32mstep-working-dir-initializer-df5q7[0m
{"level":"info","ts":1588821141.2011209,"logger":"fallback-logger","caller":"logging/config.go:69","msg":"Fetch GitHub commit ID from kodata failed: open /var/run/ko/HEAD: no such file or directory"}
{"level":"info","ts":1588821141.2028115,"logger":"fallback-logger","caller":"bash/main.go:64","msg":"Successfully executed command \"sh -c mkdir -p /workspace/source\"; output "}

Showing logs for build [32mcb-kubecd-environment-pr-215-1-pqpvr-1[0m stage [32mfrom-build-pack[0m and container [32mstep-place-tools[0m

Showing logs for build [32mcb-kubecd-environment-pr-215-1-pqpvr-1[0m stage [32mfrom-build-pack[0m and container [32mstep-git-source-cb-kubecd-environment-pr-215-1-pqpvr-4xnzz[0m
{"level":"info","ts":1588821145.4012647,"logger":"fallback-logger","caller":"logging/config.go:69","msg":"Fetch GitHub commit ID from kodata failed: open /var/run/ko/refs/heads/0.8.0-ns-support: no such file or directory"}
{"level":"info","ts":1588821146.4702404,"logger":"fallback-logger","caller":"git/git.go:103","msg":"Successfully cloned https://github.com/cb-kubecd/environment-pr-215-1-boot-gke-staging.git @ master in path /workspace/source"}

Showing logs for build [32mcb-kubecd-environment-pr-215-1-pqpvr-1[0m stage [32mfrom-build-pack[0m and container [32mstep-git-merge[0m
Using SHAs from PULL_REFS=master:07866c0facdf4bf0c07241b97e71788d85b47837,4:d532be32b883a172a975d7ec3e1499c2060fdca0
DEBUG: LC_ALL=C JX_LOG_LEVEL=error git fetch origin --unshallow d532be32b883a172a975d7ec3e1499c2060fdca0: 07866c0facdf4bf0c07241b97e71788d85b47837:
DEBUG: ran git fetch --unshallow origin d532be32b883a172a975d7ec3e1499c2060fdca0: 07866c0facdf4bf0c07241b97e71788d85b47837: in 
DEBUG: LC_ALL=C JX_LOG_LEVEL=error git branch
DEBUG: LC_ALL=C JX_LOG_LEVEL=error git checkout master
DEBUG: ran git checkout master in 
DEBUG: LC_ALL=C JX_LOG_LEVEL=error git reset --hard 07866c0facdf4bf0c07241b97e71788d85b47837
DEBUG: ran git reset --hard 07866c0facdf4bf0c07241b97e71788d85b47837 in 
DEBUG: LC_ALL=C JX_LOG_LEVEL=error git clean -fd .
DEBUG: ran clean --force -d . in 
DEBUG: JX_LOG_LEVEL=error LC_ALL=C git merge d532be32b883a172a975d7ec3e1499c2060fdca0
DEBUG: ran git merge d532be32b883a172a975d7ec3e1499c2060fdca0 in 
DEBUG: LC_ALL=C JX_LOG_LEVEL=error git log --format=%H%x1f%an%x1f%ae%x1f%cn%x1f%ce%x1f%s%n%b%x1e 07866c0facdf4bf0c07241b97e71788d85b47837..HEAD
Merged SHA d532be32b883a172a975d7ec3e1499c2060fdca0 with commit message 'chore: Promote bdd-sbhg-1588819485 to version 0.0.1' into base branch master

Showing logs for build [32mcb-kubecd-environment-pr-215-1-pqpvr-1[0m stage [32mfrom-build-pack[0m and container [32mstep-build-helm-build[0m
WARNING: No $CHART_REPOSITORY defined so using the default value of: http://jenkins-x-chartmuseum:8080
Adding missing Helm repo: storage.googleapis.com https://storage.googleapis.com/chartmuseum.jenkins-x.io
WARNING: No secrets found on "helm/repos" due: reading the secret "helm/repos" from vault: no secret "helm/repos" not found in vault
Read credentials for https://storage.googleapis.com/chartmuseum.jenkins-x.io from vault helm/repos
Successfully added Helm repository storage.googleapis.com.
Adding missing Helm repo: jenkins-x-chartmuseum http://jenkins-x-chartmuseum:8080
WARNING: No secrets found on "helm/repos" due: reading the secret "helm/repos" from vault: no secret "helm/repos" not found in vault
Read credentials for http://jenkins-x-chartmuseum:8080 from vault helm/repos
Successfully added Helm repository jenkins-x-chartmuseum.
WARNING: No $CHART_REPOSITORY defined so using the default value of: http://jenkins-x-chartmuseum:8080
Adding missing Helm repo: chartmuseum.jenkins-x.io http://chartmuseum.jenkins-x.io
WARNING: No secrets found on "helm/repos" due: reading the secret "helm/repos" from vault: no secret "helm/repos" not found in vault
Read credentials for http://chartmuseum.jenkins-x.io from vault helm/repos
Successfully added Helm repository chartmuseum.jenkins-x.io.
